# JRE version: OpenJDK Runtime Environment (15.0.1+9) (build 15.0.1+9-18)
# Java VM: OpenJDK 64-Bit Server VM (15.0.1+9-18, mixed mode, sharing, tiered, compressed oops, g1 gc, windows-amd64)
GC Precious Log:
 CPUs: 8 total, 8 available
 Memory: 8006M
 Large Page Support: Disabled
 NUMA Support: Disabled
 Compressed Oops: Enabled (32-bit)
 Heap Region Size: 1M
 Heap Min Capacity: 8M
 Heap Initial Capacity: 126M
 Heap Max Capacity: 2002M
 Pre-touch: Disabled
 Parallel Workers: 8
 Concurrent Workers: 2
 Concurrent Refinement Workers: 8
 Periodic GC: Disabled
Heap:
 garbage-first heap   total 129024K, used 27739K [0x0000000082e00000, 0x0000000100000000)
  region size 1024K, 22 young (22528K), 6 survivors (6144K)
 Metaspace       used 14454K, capacity 15476K, committed 15616K, reserved 1062912K
  class space    used 1909K, capacity 2038K, committed 2048K, reserved 1048576K
GC Heap History (10 events):
Event: 1.544 GC heap before
{Heap before GC invocations=0 (full 0):
 garbage-first heap   total 129024K, used 22528K [0x0000000082e00000, 0x0000000100000000)
  region size 1024K, 23 young (23552K), 0 survivors (0K)
 Metaspace       used 4962K, capacity 7321K, committed 7552K, reserved 1056768K
  class space    used 575K, capacity 797K, committed 896K, reserved 1048576K
}
Event: 1.553 GC heap after
{Heap after GC invocations=1 (full 0):
 garbage-first heap   total 129024K, used 3572K [0x0000000082e00000, 0x0000000100000000)
  region size 1024K, 3 young (3072K), 3 survivors (3072K)
 Metaspace       used 4962K, capacity 7321K, committed 7552K, reserved 1056768K
  class space    used 575K, capacity 797K, committed 896K, reserved 1048576K
}
Event: 2.949 GC heap before
{Heap before GC invocations=1 (full 0):
 garbage-first heap   total 129024K, used 36340K [0x0000000082e00000, 0x0000000100000000)
  region size 1024K, 34 young (34816K), 3 survivors (3072K)
 Metaspace       used 12223K, capacity 13564K, committed 13696K, reserved 1060864K
  class space    used 1711K, capacity 1873K, committed 1920K, reserved 1048576K
}
Event: 2.959 GC heap after
{Heap after GC invocations=2 (full 0):
 garbage-first heap   total 129024K, used 8552K [0x0000000082e00000, 0x0000000100000000)
  region size 1024K, 4 young (4096K), 4 survivors (4096K)
 Metaspace       used 12223K, capacity 13564K, committed 13696K, reserved 1060864K
  class space    used 1711K, capacity 1873K, committed 1920K, reserved 1048576K
}
Event: 8.389 GC heap before
{Heap before GC invocations=2 (full 0):
 garbage-first heap   total 129024K, used 83304K [0x0000000082e00000, 0x0000000100000000)
  region size 1024K, 75 young (76800K), 4 survivors (4096K)
 Metaspace       used 14392K, capacity 15476K, committed 15616K, reserved 1062912K
  class space    used 1900K, capacity 2038K, committed 2048K, reserved 1048576K
}
Event: 8.394 GC heap after
{Heap after GC invocations=3 (full 0):
 garbage-first heap   total 129024K, used 12244K [0x0000000082e00000, 0x0000000100000000)
  region size 1024K, 6 young (6144K), 6 survivors (6144K)
 Metaspace       used 14392K, capacity 15476K, committed 15616K, reserved 1062912K
  class space    used 1900K, capacity 2038K, committed 2048K, reserved 1048576K
}
Event: 9.663 GC heap before
{Heap before GC invocations=3 (full 0):
 garbage-first heap   total 129024K, used 82900K [0x0000000082e00000, 0x0000000100000000)
  region size 1024K, 75 young (76800K), 6 survivors (6144K)
 Metaspace       used 14412K, capacity 15476K, committed 15616K, reserved 1062912K
  class space    used 1900K, capacity 2038K, committed 2048K, reserved 1048576K
}
Event: 9.667 GC heap after
{Heap after GC invocations=4 (full 0):
 garbage-first heap   total 129024K, used 12363K [0x0000000082e00000, 0x0000000100000000)
  region size 1024K, 6 young (6144K), 6 survivors (6144K)
 Metaspace       used 14412K, capacity 15476K, committed 15616K, reserved 1062912K
  class space    used 1900K, capacity 2038K, committed 2048K, reserved 1048576K
}
Event: 16.602 GC heap before
{Heap before GC invocations=4 (full 0):
 garbage-first heap   total 129024K, used 83019K [0x0000000082e00000, 0x0000000100000000)
  region size 1024K, 75 young (76800K), 6 survivors (6144K)
 Metaspace       used 14438K, capacity 15476K, committed 15616K, reserved 1062912K
  class space    used 1906K, capacity 2038K, committed 2048K, reserved 1048576K
}
Event: 16.613 GC heap after
{Heap after GC invocations=5 (full 0):
 garbage-first heap   total 129024K, used 12379K [0x0000000082e00000, 0x0000000100000000)
  region size 1024K, 6 young (6144K), 6 survivors (6144K)
 Metaspace       used 14438K, capacity 15476K, committed 15616K, reserved 1062912K
  class space    used 1906K, capacity 2038K, committed 2048K, reserved 1048576K
}

