# JRE version: OpenJDK Runtime Environment (15.0.1+9) (build 15.0.1+9-18)
# Java VM: OpenJDK 64-Bit Server VM (15.0.1+9-18, mixed mode, sharing, tiered, compressed oops, g1 gc, windows-amd64)
GC Precious Log:
 CPUs: 8 total, 8 available
 Memory: 8006M
 Large Page Support: Disabled
 NUMA Support: Disabled
 Compressed Oops: Enabled (32-bit)
 Heap Region Size: 1M
 Heap Min Capacity: 8M
 Heap Initial Capacity: 126M
 Heap Max Capacity: 2002M
 Pre-touch: Disabled
 Parallel Workers: 8
 Concurrent Workers: 2
 Concurrent Refinement Workers: 8
 Periodic GC: Disabled
Heap:
 garbage-first heap   total 129024K, used 57942K [0x0000000082e00000, 0x0000000100000000)
  region size 1024K, 48 young (49152K), 3 survivors (3072K)
 Metaspace       used 14870K, capacity 15860K, committed 15872K, reserved 1062912K
  class space    used 1914K, capacity 2038K, committed 2048K, reserved 1048576K
GC Heap History (16 events):
Event: 0.853 GC heap before
{Heap before GC invocations=0 (full 0):
 garbage-first heap   total 129024K, used 22528K [0x0000000082e00000, 0x0000000100000000)
  region size 1024K, 23 young (23552K), 0 survivors (0K)
 Metaspace       used 4906K, capacity 7321K, committed 7552K, reserved 1056768K
  class space    used 574K, capacity 797K, committed 896K, reserved 1048576K
}
Event: 0.860 GC heap after
{Heap after GC invocations=1 (full 0):
 garbage-first heap   total 129024K, used 3248K [0x0000000082e00000, 0x0000000100000000)
  region size 1024K, 3 young (3072K), 3 survivors (3072K)
 Metaspace       used 4906K, capacity 7321K, committed 7552K, reserved 1056768K
  class space    used 574K, capacity 797K, committed 896K, reserved 1048576K
}
Event: 1.679 GC heap before
{Heap before GC invocations=1 (full 0):
 garbage-first heap   total 129024K, used 36016K [0x0000000082e00000, 0x0000000100000000)
  region size 1024K, 34 young (34816K), 3 survivors (3072K)
 Metaspace       used 12118K, capacity 13468K, committed 13696K, reserved 1060864K
  class space    used 1699K, capacity 1841K, committed 1920K, reserved 1048576K
}
Event: 1.686 GC heap after
{Heap after GC invocations=2 (full 0):
 garbage-first heap   total 129024K, used 8610K [0x0000000082e00000, 0x0000000100000000)
  region size 1024K, 4 young (4096K), 4 survivors (4096K)
 Metaspace       used 12118K, capacity 13468K, committed 13696K, reserved 1060864K
  class space    used 1699K, capacity 1841K, committed 1920K, reserved 1048576K
}
Event: 7.428 GC heap before
{Heap before GC invocations=2 (full 0):
 garbage-first heap   total 129024K, used 72098K [0x0000000082e00000, 0x0000000100000000)
  region size 1024K, 65 young (66560K), 4 survivors (4096K)
 Metaspace       used 14467K, capacity 15476K, committed 15616K, reserved 1062912K
  class space    used 1902K, capacity 2038K, committed 2048K, reserved 1048576K
}
Event: 7.440 GC heap after
{Heap after GC invocations=3 (full 0):
 garbage-first heap   total 129024K, used 12313K [0x0000000082e00000, 0x0000000100000000)
  region size 1024K, 6 young (6144K), 6 survivors (6144K)
 Metaspace       used 14467K, capacity 15476K, committed 15616K, reserved 1062912K
  class space    used 1902K, capacity 2038K, committed 2048K, reserved 1048576K
}
Event: 8.796 GC heap before
{Heap before GC invocations=3 (full 0):
 garbage-first heap   total 129024K, used 82969K [0x0000000082e00000, 0x0000000100000000)
  region size 1024K, 75 young (76800K), 6 survivors (6144K)
 Metaspace       used 14483K, capacity 15540K, committed 15616K, reserved 1062912K
  class space    used 1902K, capacity 2038K, committed 2048K, reserved 1048576K
}
Event: 8.800 GC heap after
{Heap after GC invocations=4 (full 0):
 garbage-first heap   total 129024K, used 12648K [0x0000000082e00000, 0x0000000100000000)
  region size 1024K, 3 young (3072K), 3 survivors (3072K)
 Metaspace       used 14483K, capacity 15540K, committed 15616K, reserved 1062912K
  class space    used 1902K, capacity 2038K, committed 2048K, reserved 1048576K
}
Event: 10.195 GC heap before
{Heap before GC invocations=4 (full 0):
 garbage-first heap   total 129024K, used 86376K [0x0000000082e00000, 0x0000000100000000)
  region size 1024K, 75 young (76800K), 3 survivors (3072K)
 Metaspace       used 14514K, capacity 15540K, committed 15616K, reserved 1062912K
  class space    used 1905K, capacity 2038K, committed 2048K, reserved 1048576K
}
Event: 10.197 GC heap after
{Heap after GC invocations=5 (full 0):
 garbage-first heap   total 129024K, used 12236K [0x0000000082e00000, 0x0000000100000000)
  region size 1024K, 2 young (2048K), 2 survivors (2048K)
 Metaspace       used 14514K, capacity 15540K, committed 15616K, reserved 1062912K
  class space    used 1905K, capacity 2038K, committed 2048K, reserved 1048576K
}
Event: 15.359 GC heap before
{Heap before GC invocations=5 (full 0):
 garbage-first heap   total 129024K, used 86988K [0x0000000082e00000, 0x0000000100000000)
  region size 1024K, 75 young (76800K), 2 survivors (2048K)
 Metaspace       used 14764K, capacity 15732K, committed 15872K, reserved 1062912K
  class space    used 1910K, capacity 2038K, committed 2048K, reserved 1048576K
}
Event: 15.361 GC heap after
{Heap after GC invocations=6 (full 0):
 garbage-first heap   total 129024K, used 12804K [0x0000000082e00000, 0x0000000100000000)
  region size 1024K, 3 young (3072K), 3 survivors (3072K)
 Metaspace       used 14764K, capacity 15732K, committed 15872K, reserved 1062912K
  class space    used 1910K, capacity 2038K, committed 2048K, reserved 1048576K
}
Event: 15.664 GC heap before
{Heap before GC invocations=6 (full 0):
 garbage-first heap   total 129024K, used 86532K [0x0000000082e00000, 0x0000000100000000)
  region size 1024K, 75 young (76800K), 3 survivors (3072K)
 Metaspace       used 14764K, capacity 15732K, committed 15872K, reserved 1062912K
  class space    used 1910K, capacity 2038K, committed 2048K, reserved 1048576K
}
Event: 15.666 GC heap after
{Heap after GC invocations=7 (full 0):
 garbage-first heap   total 129024K, used 12877K [0x0000000082e00000, 0x0000000100000000)
  region size 1024K, 3 young (3072K), 3 survivors (3072K)
 Metaspace       used 14764K, capacity 15732K, committed 15872K, reserved 1062912K
  class space    used 1910K, capacity 2038K, committed 2048K, reserved 1048576K
}
Event: 17.005 GC heap before
{Heap before GC invocations=7 (full 0):
 garbage-first heap   total 129024K, used 86605K [0x0000000082e00000, 0x0000000100000000)
  region size 1024K, 75 young (76800K), 3 survivors (3072K)
 Metaspace       used 14765K, capacity 15732K, committed 15872K, reserved 1062912K
  class space    used 1910K, capacity 2038K, committed 2048K, reserved 1048576K
}
Event: 17.007 GC heap after
{Heap after GC invocations=8 (full 0):
 garbage-first heap   total 129024K, used 12886K [0x0000000082e00000, 0x0000000100000000)
  region size 1024K, 3 young (3072K), 3 survivors (3072K)
 Metaspace       used 14765K, capacity 15732K, committed 15872K, reserved 1062912K
  class space    used 1910K, capacity 2038K, committed 2048K, reserved 1048576K
}

