# JRE version: OpenJDK Runtime Environment (15.0.1+9) (build 15.0.1+9-18)
# Java VM: OpenJDK 64-Bit Server VM (15.0.1+9-18, mixed mode, sharing, tiered, compressed oops, g1 gc, windows-amd64)
GC Precious Log:
 CPUs: 8 total, 8 available
 Memory: 8006M
 Large Page Support: Disabled
 NUMA Support: Disabled
 Compressed Oops: Enabled (32-bit)
 Heap Region Size: 1M
 Heap Min Capacity: 8M
 Heap Initial Capacity: 126M
 Heap Max Capacity: 2002M
 Pre-touch: Disabled
 Parallel Workers: 8
 Concurrent Workers: 2
 Concurrent Refinement Workers: 8
 Periodic GC: Disabled
Heap:
 garbage-first heap   total 129024K, used 56673K [0x0000000082e00000, 0x0000000100000000)
  region size 1024K, 43 young (44032K), 5 survivors (5120K)
 Metaspace       used 14607K, capacity 15615K, committed 15872K, reserved 1062912K
  class space    used 1910K, capacity 2042K, committed 2048K, reserved 1048576K
GC Heap History (14 events):
Event: 1.176 GC heap before
{Heap before GC invocations=0 (full 0):
 garbage-first heap   total 129024K, used 22528K [0x0000000082e00000, 0x0000000100000000)
  region size 1024K, 23 young (23552K), 0 survivors (0K)
 Metaspace       used 4948K, capacity 7321K, committed 7552K, reserved 1056768K
  class space    used 576K, capacity 797K, committed 896K, reserved 1048576K
}
Event: 1.183 GC heap after
{Heap after GC invocations=1 (full 0):
 garbage-first heap   total 129024K, used 3730K [0x0000000082e00000, 0x0000000100000000)
  region size 1024K, 3 young (3072K), 3 survivors (3072K)
 Metaspace       used 4948K, capacity 7321K, committed 7552K, reserved 1056768K
  class space    used 576K, capacity 797K, committed 896K, reserved 1048576K
}
Event: 2.521 GC heap before
{Heap before GC invocations=1 (full 0):
 garbage-first heap   total 129024K, used 44690K [0x0000000082e00000, 0x0000000100000000)
  region size 1024K, 34 young (34816K), 3 survivors (3072K)
 Metaspace       used 12252K, capacity 13628K, committed 13696K, reserved 1060864K
  class space    used 1718K, capacity 1873K, committed 1920K, reserved 1048576K
}
Event: 2.528 GC heap after
{Heap after GC invocations=2 (full 0):
 garbage-first heap   total 129024K, used 15344K [0x0000000082e00000, 0x0000000100000000)
  region size 1024K, 4 young (4096K), 4 survivors (4096K)
 Metaspace       used 12252K, capacity 13628K, committed 13696K, reserved 1060864K
  class space    used 1718K, capacity 1873K, committed 1920K, reserved 1048576K
}
Event: 12.130 GC heap before
{Heap before GC invocations=2 (full 0):
 garbage-first heap   total 129024K, used 90096K [0x0000000082e00000, 0x0000000100000000)
  region size 1024K, 75 young (76800K), 4 survivors (4096K)
 Metaspace       used 14272K, capacity 15295K, committed 15360K, reserved 1062912K
  class space    used 1904K, capacity 2042K, committed 2048K, reserved 1048576K
}
Event: 12.135 GC heap after
{Heap after GC invocations=3 (full 0):
 garbage-first heap   total 129024K, used 18566K [0x0000000082e00000, 0x0000000100000000)
  region size 1024K, 5 young (5120K), 5 survivors (5120K)
 Metaspace       used 14272K, capacity 15295K, committed 15360K, reserved 1062912K
  class space    used 1904K, capacity 2042K, committed 2048K, reserved 1048576K
}
Event: 13.378 GC heap before
{Heap before GC invocations=3 (full 0):
 garbage-first heap   total 129024K, used 90246K [0x0000000082e00000, 0x0000000100000000)
  region size 1024K, 75 young (76800K), 5 survivors (5120K)
 Metaspace       used 14377K, capacity 15423K, committed 15616K, reserved 1062912K
  class space    used 1909K, capacity 2042K, committed 2048K, reserved 1048576K
}
Event: 13.382 GC heap after
{Heap after GC invocations=4 (full 0):
 garbage-first heap   total 129024K, used 18702K [0x0000000082e00000, 0x0000000100000000)
  region size 1024K, 5 young (5120K), 5 survivors (5120K)
 Metaspace       used 14377K, capacity 15423K, committed 15616K, reserved 1062912K
  class space    used 1909K, capacity 2042K, committed 2048K, reserved 1048576K
}
Event: 13.416 GC heap before
{Heap before GC invocations=4 (full 0):
 garbage-first heap   total 129024K, used 90382K [0x0000000082e00000, 0x0000000100000000)
  region size 1024K, 75 young (76800K), 5 survivors (5120K)
 Metaspace       used 14418K, capacity 15423K, committed 15616K, reserved 1062912K
  class space    used 1909K, capacity 2042K, committed 2048K, reserved 1048576K
}
Event: 13.420 GC heap after
{Heap after GC invocations=5 (full 0):
 garbage-first heap   total 129024K, used 18764K [0x0000000082e00000, 0x0000000100000000)
  region size 1024K, 5 young (5120K), 5 survivors (5120K)
 Metaspace       used 14418K, capacity 15423K, committed 15616K, reserved 1062912K
  class space    used 1909K, capacity 2042K, committed 2048K, reserved 1048576K
}
Event: 15.510 GC heap before
{Heap before GC invocations=5 (full 0):
 garbage-first heap   total 129024K, used 90444K [0x0000000082e00000, 0x0000000100000000)
  region size 1024K, 75 young (76800K), 5 survivors (5120K)
 Metaspace       used 14423K, capacity 15423K, committed 15616K, reserved 1062912K
  class space    used 1909K, capacity 2042K, committed 2048K, reserved 1048576K
}
Event: 15.514 GC heap after
{Heap after GC invocations=6 (full 0):
 garbage-first heap   total 129024K, used 18929K [0x0000000082e00000, 0x0000000100000000)
  region size 1024K, 5 young (5120K), 5 survivors (5120K)
 Metaspace       used 14423K, capacity 15423K, committed 15616K, reserved 1062912K
  class space    used 1909K, capacity 2042K, committed 2048K, reserved 1048576K
}
Event: 16.806 GC heap before
{Heap before GC invocations=6 (full 0):
 garbage-first heap   total 129024K, used 90609K [0x0000000082e00000, 0x0000000100000000)
  region size 1024K, 75 young (76800K), 5 survivors (5120K)
 Metaspace       used 14423K, capacity 15423K, committed 15616K, reserved 1062912K
  class space    used 1909K, capacity 2042K, committed 2048K, reserved 1048576K
}
Event: 16.809 GC heap after
{Heap after GC invocations=7 (full 0):
 garbage-first heap   total 129024K, used 18785K [0x0000000082e00000, 0x0000000100000000)
  region size 1024K, 5 young (5120K), 5 survivors (5120K)
 Metaspace       used 14423K, capacity 15423K, committed 15616K, reserved 1062912K
  class space    used 1909K, capacity 2042K, committed 2048K, reserved 1048576K
}

